<?xml version="1.0" encoding="UTF-8"?>
<!-- Generated by org.testng.reporters.JUnitReportReporter -->
<testsuite hostname="DESKTOP-SL4OV3D" failures="0" tests="1" name="test.HomeLoan" time="0.000" errors="0" timestamp="10 Nov 2018 00:41:32 GMT" skipped="0">
  <testcase classname="test.HomeLoan" name="WebLogin" time="0.000"/>
</testsuite> <!-- test.HomeLoan -->
