<?xml version="1.0" encoding="UTF-8"?>
<!-- Generated by org.testng.reporters.JUnitReportReporter -->
<testsuite hostname="DESKTOP-SL4OV3D" failures="0" tests="2" name="IntrodutionTestcase" time="0.036" errors="0" timestamp="01 Nov 2018 22:14:59 GMT" skipped="0">
  <testcase classname="IntrodutionTestcase" name="SecondTestCase" time="0.030"/>
  <testcase classname="IntrodutionTestcase" name="demo" time="0.006"/>
</testsuite> <!-- IntrodutionTestcase -->
