<?xml version="1.0" encoding="UTF-8"?>
<!-- Generated by org.testng.reporters.JUnitReportReporter -->
<testsuite hostname="DESKTOP-SL4OV3D" failures="0" tests="2" name="test.CarLoan" time="0.000" errors="0" timestamp="10 Nov 2018 00:41:32 GMT" skipped="1">
  <testcase classname="test.CarLoan" name="mobileLogin" time="0.000"/>
  <testcase classname="test.CarLoan" name="WebLogin">
    <skipped/>
  </testcase> <!-- WebLogin -->
</testsuite> <!-- test.CarLoan -->
