<?xml version="1.0" encoding="UTF-8"?>
<!-- Generated by org.testng.reporters.JUnitReportReporter -->
<testsuite hostname="DESKTOP-SL4OV3D" failures="0" tests="5" name="test.HomeLoan2" time="0.023" errors="0" timestamp="09 Nov 2018 23:53:18 GMT" skipped="0">
  <testcase classname="test.HomeLoan2" name="APILogin" time="0.003"/>
  <testcase classname="test.HomeLoan2" name="mobileLogin" time="0.003"/>
  <testcase classname="test.HomeLoan2" name="APILogin" time="0.008"/>
  <testcase classname="test.HomeLoan2" name="WebLogin" time="0.002"/>
  <testcase classname="test.HomeLoan2" name="APILogin" time="0.007"/>
</testsuite> <!-- test.HomeLoan2 -->
