<?xml version="1.0" encoding="UTF-8"?>
<!-- Generated by org.testng.reporters.JUnitReportReporter -->
<testsuite hostname="DESKTOP-SL4OV3D" failures="0" tests="1" name="testcases.SearchInSearchBox" time="11.925" errors="0" timestamp="08 Nov 2018 06:48:54 GMT" skipped="0">
  <testcase classname="testcases.SearchInSearchBox" name="homePageSearchBox" time="11.925"/>
</testsuite> <!-- testcases.SearchInSearchBox -->
