<?xml version="1.0" encoding="UTF-8"?>
<!-- Generated by org.testng.reporters.JUnitReportReporter -->
<testsuite hostname="DESKTOP-SL4OV3D" failures="0" tests="3" name="ReadDataFromXcelSheetUsingDataProviderAnnotation.TestNgDataProviderAnnotation.ReadDataFromExcelUsingTestNgTest" time="0.019" errors="0" timestamp="17 Nov 2018 03:32:14 GMT" skipped="0">
  <testcase classname="ReadDataFromXcelSheetUsingDataProviderAnnotation.TestNgDataProviderAnnotation.ReadDataFromExcelUsingTestNgTest" name="integrationTest" time="0.004"/>
  <testcase classname="ReadDataFromXcelSheetUsingDataProviderAnnotation.TestNgDataProviderAnnotation.ReadDataFromExcelUsingTestNgTest" name="integrationTest" time="0.012"/>
  <testcase classname="ReadDataFromXcelSheetUsingDataProviderAnnotation.TestNgDataProviderAnnotation.ReadDataFromExcelUsingTestNgTest" name="integrationTest" time="0.003"/>
</testsuite> <!-- ReadDataFromXcelSheetUsingDataProviderAnnotation.TestNgDataProviderAnnotation.ReadDataFromExcelUsingTestNgTest -->
